[0.021s] Invoking command in '/home/fe/OneDrive/Universit√†/AIRO/Robot Programming/robot_programming/exercises/rp_03_ros_basics/src/build/rp_simple_controller': CMAKE_PREFIX_PATH=${CMAKE_PREFIX_PATH}:/opt/ros/jazzy DEBUGINFOD_URLS=https://debuginfod.ubuntu.com /usr/bin/cmake /home/fe/OneDrive/Universit√†/AIRO/Robot Programming/robot_programming/exercises/rp_03_ros_basics/src/rp_simple_controller -DCMAKE_INSTALL_PREFIX=/home/fe/OneDrive/Universit√†/AIRO/Robot Programming/robot_programming/exercises/rp_03_ros_basics/src/install/rp_simple_controller
[0.283s] -- The C compiler identification is GNU 13.2.0
[0.574s] -- The CXX compiler identification is GNU 13.2.0
[0.619s] -- Detecting C compiler ABI info
[0.817s] -- Detecting C compiler ABI info - done
[0.835s] -- Check for working C compiler: /usr/bin/cc - skipped
[0.838s] -- Detecting C compile features
[0.839s] -- Detecting C compile features - done
[0.861s] -- Detecting CXX compiler ABI info
[1.069s] -- Detecting CXX compiler ABI info - done
[1.096s] -- Check for working CXX compiler: /usr/bin/c++ - skipped
[1.096s] -- Detecting CXX compile features
[1.098s] -- Detecting CXX compile features - done
[1.112s] -- Found ament_cmake: 2.5.2 (/opt/ros/jazzy/share/ament_cmake/cmake)
[1.384s] -- Found Python3: /usr/bin/python3 (found version "3.12.3") found components: Interpreter 
[1.610s] -- Found rclcpp: 28.1.5 (/opt/ros/jazzy/share/rclcpp/cmake)
[1.700s] -- Found rosidl_generator_c: 4.6.4 (/opt/ros/jazzy/share/rosidl_generator_c/cmake)
[1.731s] -- Found rosidl_generator_cpp: 4.6.4 (/opt/ros/jazzy/share/rosidl_generator_cpp/cmake)
[1.768s] -- Using all available rosidl_typesupport_c: rosidl_typesupport_fastrtps_c;rosidl_typesupport_introspection_c
[1.808s] -- Using all available rosidl_typesupport_cpp: rosidl_typesupport_fastrtps_cpp;rosidl_typesupport_introspection_cpp
[1.972s] -- Found rmw_implementation_cmake: 7.3.1 (/opt/ros/jazzy/share/rmw_implementation_cmake/cmake)
[1.979s] -- Found rmw_fastrtps_cpp: 8.4.1 (/opt/ros/jazzy/share/rmw_fastrtps_cpp/cmake)
[2.155s] -- Found OpenSSL: /usr/lib/x86_64-linux-gnu/libcrypto.so (found version "3.0.13")  
[2.191s] -- Found FastRTPS: /opt/ros/jazzy/include (Required is at least version "2.13") 
[2.236s] -- Using RMW implementation 'rmw_fastrtps_cpp' as default
[2.393s] -- Found geometry_msgs: 5.3.5 (/opt/ros/jazzy/share/geometry_msgs/cmake)
[2.468s] -- Found turtlesim: 1.8.3 (/opt/ros/jazzy/share/turtlesim/cmake)
[2.758s] -- Configuring done (2.7s)
[2.783s] -- Generating done (0.0s)
[2.787s] -- Build files have been written to: /home/fe/OneDrive/Universit√†/AIRO/Robot Programming/robot_programming/exercises/rp_03_ros_basics/src/build/rp_simple_controller
[2.804s] Invoked command in '/home/fe/OneDrive/Universit√†/AIRO/Robot Programming/robot_programming/exercises/rp_03_ros_basics/src/build/rp_simple_controller' returned '0': CMAKE_PREFIX_PATH=${CMAKE_PREFIX_PATH}:/opt/ros/jazzy DEBUGINFOD_URLS=https://debuginfod.ubuntu.com /usr/bin/cmake /home/fe/OneDrive/Universit√†/AIRO/Robot Programming/robot_programming/exercises/rp_03_ros_basics/src/rp_simple_controller -DCMAKE_INSTALL_PREFIX=/home/fe/OneDrive/Universit√†/AIRO/Robot Programming/robot_programming/exercises/rp_03_ros_basics/src/install/rp_simple_controller
[2.806s] Invoking command in '/home/fe/OneDrive/Universit√†/AIRO/Robot Programming/robot_programming/exercises/rp_03_ros_basics/src/build/rp_simple_controller': CMAKE_PREFIX_PATH=${CMAKE_PREFIX_PATH}:/opt/ros/jazzy DEBUGINFOD_URLS=https://debuginfod.ubuntu.com /usr/bin/cmake --build /home/fe/OneDrive/Universit√†/AIRO/Robot Programming/robot_programming/exercises/rp_03_ros_basics/src/build/rp_simple_controller -- -j8 -l8
[2.918s] [ 50%] [32mBuilding CXX object CMakeFiles/turtle_square.dir/src/turtle_square.cpp.o[0m
[7.800s] [01m[K/home/fe/OneDrive/Universit√†/AIRO/Robot Programming/robot_programming/exercises/rp_03_ros_basics/src/rp_simple_controller/src/turtle_square.cpp:[m[K In constructor ‚Äò[01m[KTurtleSquareNode::[01;32m[KTurtleSquareNode[m[K()[m[K‚Äô:
[7.801s] [01m[K/home/fe/OneDrive/Universit√†/AIRO/Robot Programming/robot_programming/exercises/rp_03_ros_basics/src/rp_simple_controller/src/turtle_square.cpp:26:30:[m[K [01;31m[Kerror: [m[K‚Äò[01m[Kclass TurtleSquareNode[m[K‚Äô has no member named ‚Äò[01m[Kcreate_subscriber[m[K‚Äô; did you mean ‚Äò[01m[Kcreate_subscription[m[K‚Äô?
[7.801s]    26 |         position_sub = this->[01;31m[Kcreate_subscriber[m[K<turtlesim::msg::Pose>("/turtle1/pose", 10, std::bind(&TurtleSquareNode::pose_callback, this, std::placeholders::_1));
[7.801s]       |                              [01;31m[K^~~~~~~~~~~~~~~~~[m[K
[7.801s]       |                              [32m[Kcreate_subscription[m[K
[7.802s] [01m[K/home/fe/OneDrive/Universit√†/AIRO/Robot Programming/robot_programming/exercises/rp_03_ros_basics/src/rp_simple_controller/src/turtle_square.cpp:26:68:[m[K [01;31m[Kerror: [m[Kexpected primary-expression before ‚Äò[01m[K>[m[K‚Äô token
[7.802s]    26 |        position_sub = this->create_subscriber<turtlesim::msg::Pose[01;31m[K>[m[K("/turtle1/pose", 10, std::bind(&TurtleSquareNode::pose_callback, this, std::placeholders::_1));
[7.802s]       |                                                                   [01;31m[K^[m[K
[7.802s] 
[7.803s] [01m[K/home/fe/OneDrive/Universit√†/AIRO/Robot Programming/robot_programming/exercises/rp_03_ros_basics/src/rp_simple_controller/src/turtle_square.cpp:26:70:[m[K [01;31m[Kerror: [m[Kleft operand of comma operator has no effect [[01;31m[K]8;;https://gcc.gnu.org/onlinedocs/gcc/Warning-Options.html#index-Wunused-value-Werror=unused-value]8;;[m[K]
[7.803s]    26 |      position_sub = this->create_subscriber<turtlesim::msg::Pose>([01;31m[K"/turtle1/pose"[m[K, 10, std::bind(&TurtleSquareNode::pose_callback, this, std::placeholders::_1));
[7.803s]       |                                                                   [01;31m[K^~~~~~~~~~~~~~~[m[K
[7.803s] 
[7.813s] [01m[K/home/fe/OneDrive/Universit√†/AIRO/Robot Programming/robot_programming/exercises/rp_03_ros_basics/src/rp_simple_controller/src/turtle_square.cpp:26:162:[m[K [01;31m[Kerror: [m[Kright operand of comma operator has no effect [[01;31m[K]8;;https://gcc.gnu.org/onlinedocs/gcc/Warning-Options.html#index-Wunused-value-Werror=unused-value]8;;[m[K]
[7.814s]    26 | 0, std::bind(&TurtleSquareNode::pose_callback, this, std::placeholders::_1[01;31m[K)[m[K);
[7.814s]       |                                                                           [01;31m[K^[m[K
[7.814s] 
[9.775s] cc1plus: all warnings being treated as errors
[9.840s] gmake[2]: *** [CMakeFiles/turtle_square.dir/build.make:76: CMakeFiles/turtle_square.dir/src/turtle_square.cpp.o] Error 1
[9.841s] gmake[1]: *** [CMakeFiles/Makefile2:137: CMakeFiles/turtle_square.dir/all] Error 2
[9.841s] gmake: *** [Makefile:146: all] Error 2
[9.847s] Invoked command in '/home/fe/OneDrive/Universit√†/AIRO/Robot Programming/robot_programming/exercises/rp_03_ros_basics/src/build/rp_simple_controller' returned '2': CMAKE_PREFIX_PATH=${CMAKE_PREFIX_PATH}:/opt/ros/jazzy DEBUGINFOD_URLS=https://debuginfod.ubuntu.com /usr/bin/cmake --build /home/fe/OneDrive/Universit√†/AIRO/Robot Programming/robot_programming/exercises/rp_03_ros_basics/src/build/rp_simple_controller -- -j8 -l8
